{"/Users/kukolca/Documents/reactjs/task4/ReactJS/client/src/app.js": {"path":"/Users/kukolca/Documents/reactjs/task4/ReactJS/client/src/app.js","statementMap":{"0":{"start":{"line":19,"column":4},"end":{"line":27,"column":5}},"1":{"start":{"line":20,"column":29},"end":{"line":20,"column":90}},"2":{"start":{"line":21,"column":26},"end":{"line":21,"column":91}},"3":{"start":{"line":21,"column":56},"end":{"line":21,"column":90}},"4":{"start":{"line":22,"column":6},"end":{"line":24,"column":9}},"5":{"start":{"line":26,"column":6},"end":{"line":26,"column":40}},"6":{"start":{"line":31,"column":4},"end":{"line":31,"column":51}},"7":{"start":{"line":35,"column":25},"end":{"line":37,"column":6}},"8":{"start":{"line":36,"column":6},"end":{"line":36,"column":74}},"9":{"start":{"line":39,"column":4},"end":{"line":42,"column":7}},"10":{"start":{"line":43,"column":4},"end":{"line":43,"column":26}},"11":{"start":{"line":47,"column":4},"end":{"line":50,"column":7}},"12":{"start":{"line":54,"column":4},"end":{"line":70,"column":6}}},"fnMap":{"0":{"name":"(anonymous_0)","decl":{"start":{"line":18,"column":24},"end":{"line":18,"column":25}},"loc":{"start":{"line":18,"column":41},"end":{"line":28,"column":3}},"line":18},"1":{"name":"(anonymous_1)","decl":{"start":{"line":21,"column":45},"end":{"line":21,"column":46}},"loc":{"start":{"line":21,"column":56},"end":{"line":21,"column":90}},"line":21},"2":{"name":"(anonymous_2)","decl":{"start":{"line":30,"column":24},"end":{"line":30,"column":25}},"loc":{"start":{"line":30,"column":35},"end":{"line":32,"column":3}},"line":30},"3":{"name":"(anonymous_3)","decl":{"start":{"line":34,"column":17},"end":{"line":34,"column":18}},"loc":{"start":{"line":34,"column":27},"end":{"line":44,"column":3}},"line":34},"4":{"name":"(anonymous_4)","decl":{"start":{"line":35,"column":56},"end":{"line":35,"column":57}},"loc":{"start":{"line":35,"column":67},"end":{"line":37,"column":5}},"line":35},"5":{"name":"(anonymous_5)","decl":{"start":{"line":46,"column":17},"end":{"line":46,"column":18}},"loc":{"start":{"line":46,"column":23},"end":{"line":51,"column":3}},"line":46},"6":{"name":"(anonymous_6)","decl":{"start":{"line":53,"column":2},"end":{"line":53,"column":3}},"loc":{"start":{"line":53,"column":11},"end":{"line":71,"column":3}},"line":53}},"branchMap":{"0":{"loc":{"start":{"line":19,"column":4},"end":{"line":27,"column":5}},"type":"if","locations":[{"start":{"line":19,"column":4},"end":{"line":27,"column":5}},{"start":{"line":19,"column":4},"end":{"line":27,"column":5}}],"line":19},"1":{"loc":{"start":{"line":20,"column":29},"end":{"line":20,"column":90}},"type":"cond-expr","locations":[{"start":{"line":20,"column":61},"end":{"line":20,"column":74}},{"start":{"line":20,"column":77},"end":{"line":20,"column":90}}],"line":20},"2":{"loc":{"start":{"line":23,"column":22},"end":{"line":23,"column":89}},"type":"cond-expr","locations":[{"start":{"line":23,"column":47},"end":{"line":23,"column":75}},{"start":{"line":23,"column":78},"end":{"line":23,"column":89}}],"line":23},"3":{"loc":{"start":{"line":36,"column":13},"end":{"line":36,"column":73}},"type":"binary-expr","locations":[{"start":{"line":36,"column":13},"end":{"line":36,"column":49}},{"start":{"line":36,"column":53},"end":{"line":36,"column":73}}],"line":36}},"s":{"0":2,"1":1,"2":1,"3":10,"4":1,"5":1,"6":1,"7":1,"8":0,"9":1,"10":1,"11":1,"12":11},"f":{"0":2,"1":10,"2":1,"3":1,"4":0,"5":1,"6":11},"b":{"0":[1,1],"1":[1,0],"2":[1,0],"3":[0,0]},"_coverageSchema":"43e27e138ebf9cfc5966b082cf9a028302ed4184","hash":"727de3bca13b1ed74c963de8045882b990edd87f"}
,"/Users/kukolca/Documents/reactjs/task4/ReactJS/client/src/consts.js": {"path":"/Users/kukolca/Documents/reactjs/task4/ReactJS/client/src/consts.js","statementMap":{"0":{"start":{"line":1,"column":21},"end":{"line":1,"column":28}},"1":{"start":{"line":2,"column":21},"end":{"line":2,"column":28}},"2":{"start":{"line":3,"column":27},"end":{"line":3,"column":41}},"3":{"start":{"line":4,"column":22},"end":{"line":4,"column":30}}},"fnMap":{},"branchMap":{},"s":{"0":6,"1":6,"2":6,"3":6},"f":{},"b":{},"_coverageSchema":"43e27e138ebf9cfc5966b082cf9a028302ed4184","hash":"794b07838eff2d461aa7d430efbdd2b0ec89eea1"}
,"/Users/kukolca/Documents/reactjs/task4/ReactJS/client/src/mock-data.js": {"path":"/Users/kukolca/Documents/reactjs/task4/ReactJS/client/src/mock-data.js","statementMap":{"0":{"start":{"line":1,"column":15},"end":{"line":188,"column":1}}},"fnMap":{},"branchMap":{},"s":{"0":1},"f":{},"b":{},"_coverageSchema":"43e27e138ebf9cfc5966b082cf9a028302ed4184","hash":"c5827ff33a3df00b2d87c3e707953cd1719b3bd4"}
,"/Users/kukolca/Documents/reactjs/task4/ReactJS/client/src/components/common/button/button.component.js": {"path":"/Users/kukolca/Documents/reactjs/task4/ReactJS/client/src/components/common/button/button.component.js","statementMap":{"0":{"start":{"line":8,"column":2},"end":{"line":14,"column":3}},"1":{"start":{"line":9,"column":4},"end":{"line":9,"column":29}},"2":{"start":{"line":10,"column":9},"end":{"line":14,"column":3}},"3":{"start":{"line":11,"column":4},"end":{"line":11,"column":30}},"4":{"start":{"line":12,"column":9},"end":{"line":14,"column":3}},"5":{"start":{"line":13,"column":4},"end":{"line":13,"column":27}},"6":{"start":{"line":16,"column":2},"end":{"line":18,"column":3}},"7":{"start":{"line":17,"column":4},"end":{"line":17,"column":34}},"8":{"start":{"line":20,"column":2},"end":{"line":28,"column":4}}},"fnMap":{"0":{"name":"Button","decl":{"start":{"line":4,"column":24},"end":{"line":4,"column":30}},"loc":{"start":{"line":4,"column":38},"end":{"line":29,"column":1}},"line":4}},"branchMap":{"0":{"loc":{"start":{"line":8,"column":2},"end":{"line":14,"column":3}},"type":"if","locations":[{"start":{"line":8,"column":2},"end":{"line":14,"column":3}},{"start":{"line":8,"column":2},"end":{"line":14,"column":3}}],"line":8},"1":{"loc":{"start":{"line":10,"column":9},"end":{"line":14,"column":3}},"type":"if","locations":[{"start":{"line":10,"column":9},"end":{"line":14,"column":3}},{"start":{"line":10,"column":9},"end":{"line":14,"column":3}}],"line":10},"2":{"loc":{"start":{"line":12,"column":9},"end":{"line":14,"column":3}},"type":"if","locations":[{"start":{"line":12,"column":9},"end":{"line":14,"column":3}},{"start":{"line":12,"column":9},"end":{"line":14,"column":3}}],"line":12},"3":{"loc":{"start":{"line":16,"column":2},"end":{"line":18,"column":3}},"type":"if","locations":[{"start":{"line":16,"column":2},"end":{"line":18,"column":3}},{"start":{"line":16,"column":2},"end":{"line":18,"column":3}}],"line":16}},"s":{"0":4,"1":2,"2":2,"3":1,"4":1,"5":1,"6":4,"7":1,"8":4},"f":{"0":4},"b":{"0":[2,2],"1":[1,1],"2":[1,0],"3":[1,3]},"_coverageSchema":"43e27e138ebf9cfc5966b082cf9a028302ed4184","hash":"7fbb9ad9b45e5e4edc82f4828b207d03c23a50d5"}
,"/Users/kukolca/Documents/reactjs/task4/ReactJS/client/src/components/common/errorBoundary/errorBoundary.component.js": {"path":"/Users/kukolca/Documents/reactjs/task4/ReactJS/client/src/components/common/errorBoundary/errorBoundary.component.js","statementMap":{"0":{"start":{"line":8,"column":4},"end":{"line":8,"column":30}},"1":{"start":{"line":16,"column":4},"end":{"line":18,"column":5}},"2":{"start":{"line":17,"column":6},"end":{"line":17,"column":44}},"3":{"start":{"line":20,"column":4},"end":{"line":20,"column":31}}},"fnMap":{"0":{"name":"(anonymous_0)","decl":{"start":{"line":7,"column":2},"end":{"line":7,"column":3}},"loc":{"start":{"line":7,"column":41},"end":{"line":9,"column":3}},"line":7},"1":{"name":"(anonymous_1)","decl":{"start":{"line":11,"column":2},"end":{"line":11,"column":3}},"loc":{"start":{"line":11,"column":33},"end":{"line":13,"column":3}},"line":11},"2":{"name":"(anonymous_2)","decl":{"start":{"line":15,"column":2},"end":{"line":15,"column":3}},"loc":{"start":{"line":15,"column":11},"end":{"line":21,"column":3}},"line":15}},"branchMap":{"0":{"loc":{"start":{"line":16,"column":4},"end":{"line":18,"column":5}},"type":"if","locations":[{"start":{"line":16,"column":4},"end":{"line":18,"column":5}},{"start":{"line":16,"column":4},"end":{"line":18,"column":5}}],"line":16}},"s":{"0":1,"1":5,"2":1,"3":4},"f":{"0":1,"1":2,"2":5},"b":{"0":[1,4]},"_coverageSchema":"43e27e138ebf9cfc5966b082cf9a028302ed4184","hash":"12c2380b6a07e01966901e903c4bc587c88dcec6"}
,"/Users/kukolca/Documents/reactjs/task4/ReactJS/client/src/components/common/search/search.component.js": {"path":"/Users/kukolca/Documents/reactjs/task4/ReactJS/client/src/components/common/search/search.component.js","statementMap":{"0":{"start":{"line":4,"column":2},"end":{"line":12,"column":4}}},"fnMap":{"0":{"name":"Input","decl":{"start":{"line":3,"column":24},"end":{"line":3,"column":29}},"loc":{"start":{"line":3,"column":37},"end":{"line":13,"column":1}},"line":3}},"branchMap":{},"s":{"0":1},"f":{"0":1},"b":{},"_coverageSchema":"43e27e138ebf9cfc5966b082cf9a028302ed4184","hash":"1e0b653b59216650d5aa8dfb7794b078bb46d1c6"}
,"/Users/kukolca/Documents/reactjs/task4/ReactJS/client/src/components/footer/footer.component.js": {"path":"/Users/kukolca/Documents/reactjs/task4/ReactJS/client/src/components/footer/footer.component.js","statementMap":{"0":{"start":{"line":5,"column":2},"end":{"line":7,"column":4}}},"fnMap":{"0":{"name":"Footer","decl":{"start":{"line":4,"column":24},"end":{"line":4,"column":30}},"loc":{"start":{"line":4,"column":33},"end":{"line":8,"column":1}},"line":4}},"branchMap":{},"s":{"0":1},"f":{"0":1},"b":{},"_coverageSchema":"43e27e138ebf9cfc5966b082cf9a028302ed4184","hash":"b552f6c3b3b502434cfd99373f9dc1430a6af21e"}
,"/Users/kukolca/Documents/reactjs/task4/ReactJS/client/src/components/header/header.container.js": {"path":"/Users/kukolca/Documents/reactjs/task4/ReactJS/client/src/components/header/header.container.js","statementMap":{"0":{"start":{"line":12,"column":4},"end":{"line":14,"column":5}},"1":{"start":{"line":13,"column":6},"end":{"line":13,"column":61}},"2":{"start":{"line":18,"column":4},"end":{"line":20,"column":7}},"3":{"start":{"line":30,"column":8},"end":{"line":30,"column":18}},"4":{"start":{"line":32,"column":4},"end":{"line":49,"column":6}},"5":{"start":{"line":43,"column":37},"end":{"line":43,"column":80}}},"fnMap":{"0":{"name":"(anonymous_0)","decl":{"start":{"line":11,"column":23},"end":{"line":11,"column":24}},"loc":{"start":{"line":11,"column":34},"end":{"line":15,"column":3}},"line":11},"1":{"name":"(anonymous_1)","decl":{"start":{"line":17,"column":25},"end":{"line":17,"column":26}},"loc":{"start":{"line":17,"column":36},"end":{"line":21,"column":3}},"line":17},"2":{"name":"(anonymous_2)","decl":{"start":{"line":23,"column":2},"end":{"line":23,"column":3}},"loc":{"start":{"line":23,"column":11},"end":{"line":50,"column":3}},"line":23},"3":{"name":"(anonymous_3)","decl":{"start":{"line":43,"column":33},"end":{"line":43,"column":34}},"loc":{"start":{"line":43,"column":37},"end":{"line":43,"column":80}},"line":43}},"branchMap":{"0":{"loc":{"start":{"line":12,"column":4},"end":{"line":14,"column":5}},"type":"if","locations":[{"start":{"line":12,"column":4},"end":{"line":14,"column":5}},{"start":{"line":12,"column":4},"end":{"line":14,"column":5}}],"line":12},"1":{"loc":{"start":{"line":34,"column":9},"end":{"line":47,"column":9}},"type":"cond-expr","locations":[{"start":{"line":35,"column":10},"end":{"line":38,"column":12}},{"start":{"line":40,"column":10},"end":{"line":46,"column":12}}],"line":34}},"s":{"0":1,"1":1,"2":1,"3":5,"4":5,"5":0},"f":{"0":1,"1":1,"2":5,"3":0},"b":{"0":[1,0],"1":[4,1]},"_coverageSchema":"43e27e138ebf9cfc5966b082cf9a028302ed4184","hash":"76e4e179fb70801093e54b5b2a635023cc374034"}
,"/Users/kukolca/Documents/reactjs/task4/ReactJS/client/src/components/header/descriptionHeader/descriptionHeader.component.js": {"path":"/Users/kukolca/Documents/reactjs/task4/ReactJS/client/src/components/header/descriptionHeader/descriptionHeader.component.js","statementMap":{"0":{"start":{"line":7,"column":23},"end":{"line":7,"column":56}},"1":{"start":{"line":8,"column":2},"end":{"line":29,"column":3}}},"fnMap":{"0":{"name":"DescriptionHeader","decl":{"start":{"line":5,"column":24},"end":{"line":5,"column":41}},"loc":{"start":{"line":5,"column":50},"end":{"line":30,"column":1}},"line":5}},"branchMap":{},"s":{"0":1,"1":1},"f":{"0":1},"b":{},"_coverageSchema":"43e27e138ebf9cfc5966b082cf9a028302ed4184","hash":"c3171cde4a37817a6304639a60f81de26d2af7ce"}
,"/Users/kukolca/Documents/reactjs/task4/ReactJS/client/src/components/header/mainHeader/mainHeader.component.js": {"path":"/Users/kukolca/Documents/reactjs/task4/ReactJS/client/src/components/header/mainHeader/mainHeader.component.js","statementMap":{"0":{"start":{"line":7,"column":2},"end":{"line":21,"column":3}}},"fnMap":{"0":{"name":"MainHeader","decl":{"start":{"line":6,"column":24},"end":{"line":6,"column":34}},"loc":{"start":{"line":6,"column":43},"end":{"line":22,"column":1}},"line":6}},"branchMap":{},"s":{"0":1},"f":{"0":1},"b":{},"_coverageSchema":"43e27e138ebf9cfc5966b082cf9a028302ed4184","hash":"bbf1c2bebbd967e7e76fc4f986521a5b4bdfad19"}
,"/Users/kukolca/Documents/reactjs/task4/ReactJS/client/src/components/header/searchBar/searchBar.component.js": {"path":"/Users/kukolca/Documents/reactjs/task4/ReactJS/client/src/components/header/searchBar/searchBar.component.js","statementMap":{"0":{"start":{"line":8,"column":2},"end":{"line":27,"column":4}}},"fnMap":{"0":{"name":"SearchBar","decl":{"start":{"line":6,"column":24},"end":{"line":6,"column":33}},"loc":{"start":{"line":6,"column":41},"end":{"line":28,"column":1}},"line":6}},"branchMap":{"0":{"loc":{"start":{"line":11,"column":7},"end":{"line":16,"column":9}},"type":"cond-expr","locations":[{"start":{"line":13,"column":10},"end":{"line":13,"column":97}},{"start":{"line":15,"column":10},"end":{"line":15,"column":82}}],"line":11},"1":{"loc":{"start":{"line":18,"column":7},"end":{"line":23,"column":9}},"type":"cond-expr","locations":[{"start":{"line":20,"column":10},"end":{"line":20,"column":97}},{"start":{"line":22,"column":10},"end":{"line":22,"column":82}}],"line":18}},"s":{"0":2},"f":{"0":2},"b":{"0":[1,1],"1":[1,1]},"_coverageSchema":"43e27e138ebf9cfc5966b082cf9a028302ed4184","hash":"537551f54ac03efb752464b36b75022584faf4b9"}
,"/Users/kukolca/Documents/reactjs/task4/ReactJS/client/src/components/main/main.container.js": {"path":"/Users/kukolca/Documents/reactjs/task4/ReactJS/client/src/components/main/main.container.js","statementMap":{"0":{"start":{"line":19,"column":4},"end":{"line":25,"column":5}},"1":{"start":{"line":20,"column":6},"end":{"line":20,"column":27}},"2":{"start":{"line":21,"column":6},"end":{"line":21,"column":30}},"3":{"start":{"line":22,"column":11},"end":{"line":25,"column":5}},"4":{"start":{"line":23,"column":6},"end":{"line":23,"column":22}},"5":{"start":{"line":24,"column":6},"end":{"line":24,"column":32}},"6":{"start":{"line":27,"column":4},"end":{"line":30,"column":7}},"7":{"start":{"line":34,"column":23},"end":{"line":34,"column":74}},"8":{"start":{"line":36,"column":4},"end":{"line":52,"column":6}}},"fnMap":{"0":{"name":"(anonymous_0)","decl":{"start":{"line":15,"column":19},"end":{"line":15,"column":20}},"loc":{"start":{"line":15,"column":30},"end":{"line":31,"column":3}},"line":15},"1":{"name":"(anonymous_1)","decl":{"start":{"line":33,"column":2},"end":{"line":33,"column":3}},"loc":{"start":{"line":33,"column":11},"end":{"line":53,"column":3}},"line":33}},"branchMap":{"0":{"loc":{"start":{"line":19,"column":4},"end":{"line":25,"column":5}},"type":"if","locations":[{"start":{"line":19,"column":4},"end":{"line":25,"column":5}},{"start":{"line":19,"column":4},"end":{"line":25,"column":5}}],"line":19},"1":{"loc":{"start":{"line":22,"column":11},"end":{"line":25,"column":5}},"type":"if","locations":[{"start":{"line":22,"column":11},"end":{"line":25,"column":5}},{"start":{"line":22,"column":11},"end":{"line":25,"column":5}}],"line":22}},"s":{"0":2,"1":1,"2":1,"3":1,"4":1,"5":1,"6":2,"7":5,"8":5},"f":{"0":2,"1":5},"b":{"0":[1,1],"1":[1,0]},"_coverageSchema":"43e27e138ebf9cfc5966b082cf9a028302ed4184","hash":"d23c1d2e803cfd3598436f5851ac00af5df65afb"}
,"/Users/kukolca/Documents/reactjs/task4/ReactJS/client/src/components/main/moviesList/moviesList.component.js": {"path":"/Users/kukolca/Documents/reactjs/task4/ReactJS/client/src/components/main/moviesList/moviesList.component.js","statementMap":{"0":{"start":{"line":7,"column":33},"end":{"line":7,"column":38}},"1":{"start":{"line":8,"column":20},"end":{"line":10,"column":3}},"2":{"start":{"line":9,"column":4},"end":{"line":9,"column":71}},"3":{"start":{"line":12,"column":2},"end":{"line":25,"column":4}}},"fnMap":{"0":{"name":"MoviesList","decl":{"start":{"line":6,"column":24},"end":{"line":6,"column":34}},"loc":{"start":{"line":6,"column":42},"end":{"line":26,"column":1}},"line":6},"1":{"name":"(anonymous_1)","decl":{"start":{"line":8,"column":29},"end":{"line":8,"column":30}},"loc":{"start":{"line":9,"column":4},"end":{"line":9,"column":71}},"line":9}},"branchMap":{"0":{"loc":{"start":{"line":14,"column":8},"end":{"line":22,"column":9}},"type":"cond-expr","locations":[{"start":{"line":15,"column":10},"end":{"line":17,"column":16}},{"start":{"line":19,"column":10},"end":{"line":21,"column":16}}],"line":14},"1":{"loc":{"start":{"line":14,"column":8},"end":{"line":14,"column":33}},"type":"binary-expr","locations":[{"start":{"line":14,"column":8},"end":{"line":14,"column":13}},{"start":{"line":14,"column":17},"end":{"line":14,"column":33}}],"line":14}},"s":{"0":1,"1":1,"2":1,"3":1},"f":{"0":1,"1":1},"b":{"0":[0,1],"1":[1,1]},"_coverageSchema":"43e27e138ebf9cfc5966b082cf9a028302ed4184","hash":"b061638b8ebfcea04ddd6e2e6821c64d3ed672f2"}
,"/Users/kukolca/Documents/reactjs/task4/ReactJS/client/src/components/main/moviesList/movieBlock/movieBlock.component.js": {"path":"/Users/kukolca/Documents/reactjs/task4/ReactJS/client/src/components/main/moviesList/movieBlock/movieBlock.component.js","statementMap":{"0":{"start":{"line":6,"column":15},"end":{"line":6,"column":48}},"1":{"start":{"line":8,"column":2},"end":{"line":22,"column":4}},"2":{"start":{"line":9,"column":51},"end":{"line":9,"column":81}}},"fnMap":{"0":{"name":"MovieBlock","decl":{"start":{"line":4,"column":24},"end":{"line":4,"column":34}},"loc":{"start":{"line":4,"column":42},"end":{"line":23,"column":1}},"line":4},"1":{"name":"(anonymous_1)","decl":{"start":{"line":9,"column":47},"end":{"line":9,"column":48}},"loc":{"start":{"line":9,"column":51},"end":{"line":9,"column":81}},"line":9}},"branchMap":{},"s":{"0":2,"1":2,"2":1},"f":{"0":2,"1":1},"b":{},"_coverageSchema":"43e27e138ebf9cfc5966b082cf9a028302ed4184","hash":"1905df4f529fca6463a1d27a0f4665a084ec45a3"}
,"/Users/kukolca/Documents/reactjs/task4/ReactJS/client/src/components/main/sortBar/sortBar.component.js": {"path":"/Users/kukolca/Documents/reactjs/task4/ReactJS/client/src/components/main/sortBar/sortBar.component.js","statementMap":{"0":{"start":{"line":7,"column":22},"end":{"line":7,"column":74}},"1":{"start":{"line":8,"column":24},"end":{"line":8,"column":57}},"2":{"start":{"line":10,"column":21},"end":{"line":25,"column":3}},"3":{"start":{"line":11,"column":4},"end":{"line":24,"column":5}},"4":{"start":{"line":12,"column":6},"end":{"line":17,"column":7}},"5":{"start":{"line":19,"column":6},"end":{"line":23,"column":7}},"6":{"start":{"line":27,"column":26},"end":{"line":29,"column":3}},"7":{"start":{"line":28,"column":4},"end":{"line":28,"column":86}},"8":{"start":{"line":31,"column":21},"end":{"line":38,"column":3}},"9":{"start":{"line":32,"column":4},"end":{"line":37,"column":7}},"10":{"start":{"line":39,"column":2},"end":{"line":45,"column":4}}},"fnMap":{"0":{"name":"SortBar","decl":{"start":{"line":6,"column":24},"end":{"line":6,"column":31}},"loc":{"start":{"line":6,"column":39},"end":{"line":46,"column":1}},"line":6},"1":{"name":"(anonymous_1)","decl":{"start":{"line":10,"column":21},"end":{"line":10,"column":22}},"loc":{"start":{"line":10,"column":51},"end":{"line":25,"column":3}},"line":10},"2":{"name":"(anonymous_2)","decl":{"start":{"line":27,"column":26},"end":{"line":27,"column":27}},"loc":{"start":{"line":28,"column":4},"end":{"line":28,"column":86}},"line":28},"3":{"name":"(anonymous_3)","decl":{"start":{"line":31,"column":21},"end":{"line":31,"column":22}},"loc":{"start":{"line":32,"column":4},"end":{"line":37,"column":7}},"line":32}},"branchMap":{"0":{"loc":{"start":{"line":11,"column":4},"end":{"line":24,"column":5}},"type":"if","locations":[{"start":{"line":11,"column":4},"end":{"line":24,"column":5}},{"start":{"line":11,"column":4},"end":{"line":24,"column":5}}],"line":11},"1":{"loc":{"start":{"line":35,"column":35},"end":{"line":35,"column":97}},"type":"cond-expr","locations":[{"start":{"line":35,"column":66},"end":{"line":35,"column":79}},{"start":{"line":35,"column":82},"end":{"line":35,"column":97}}],"line":35},"2":{"loc":{"start":{"line":36,"column":29},"end":{"line":36,"column":86}},"type":"cond-expr","locations":[{"start":{"line":36,"column":55},"end":{"line":36,"column":68}},{"start":{"line":36,"column":71},"end":{"line":36,"column":86}}],"line":36},"3":{"loc":{"start":{"line":42,"column":9},"end":{"line":42,"column":86}},"type":"binary-expr","locations":[{"start":{"line":42,"column":9},"end":{"line":42,"column":24}},{"start":{"line":42,"column":29},"end":{"line":42,"column":48}},{"start":{"line":42,"column":52},"end":{"line":42,"column":69}},{"start":{"line":42,"column":73},"end":{"line":42,"column":85}}],"line":42}},"s":{"0":2,"1":2,"2":2,"3":4,"4":2,"5":2,"6":2,"7":1,"8":2,"9":1,"10":2},"f":{"0":2,"1":4,"2":1,"3":1},"b":{"0":[2,2],"1":[0,1],"2":[1,0],"3":[2,2,1,1]},"_coverageSchema":"43e27e138ebf9cfc5966b082cf9a028302ed4184","hash":"01575909db4f142cb39c46023e3d8c548f763728"}
,"/Users/kukolca/Documents/reactjs/task4/ReactJS/client/src/utils/filterMethods.js": {"path":"/Users/kukolca/Documents/reactjs/task4/ReactJS/client/src/utils/filterMethods.js","statementMap":{"0":{"start":{"line":2,"column":22},"end":{"line":5,"column":1}},"1":{"start":{"line":3,"column":21},"end":{"line":3,"column":67}},"2":{"start":{"line":4,"column":2},"end":{"line":4,"column":77}},"3":{"start":{"line":7,"column":22},"end":{"line":13,"column":1}},"4":{"start":{"line":8,"column":20},"end":{"line":8,"column":39}},"5":{"start":{"line":9,"column":2},"end":{"line":12,"column":5}},"6":{"start":{"line":10,"column":16},"end":{"line":10,"column":69}},"7":{"start":{"line":11,"column":4},"end":{"line":11,"column":37}},"8":{"start":{"line":15,"column":19},"end":{"line":19,"column":1}},"9":{"start":{"line":16,"column":2},"end":{"line":16,"column":31}},"10":{"start":{"line":17,"column":2},"end":{"line":17,"column":31}},"11":{"start":{"line":18,"column":2},"end":{"line":18,"column":36}},"12":{"start":{"line":21,"column":21},"end":{"line":23,"column":1}},"13":{"start":{"line":22,"column":2},"end":{"line":22,"column":88}}},"fnMap":{"0":{"name":"(anonymous_0)","decl":{"start":{"line":2,"column":22},"end":{"line":2,"column":23}},"loc":{"start":{"line":2,"column":50},"end":{"line":5,"column":1}},"line":2},"1":{"name":"(anonymous_1)","decl":{"start":{"line":7,"column":22},"end":{"line":7,"column":23}},"loc":{"start":{"line":7,"column":50},"end":{"line":13,"column":1}},"line":7},"2":{"name":"(anonymous_2)","decl":{"start":{"line":9,"column":24},"end":{"line":9,"column":25}},"loc":{"start":{"line":9,"column":34},"end":{"line":12,"column":3}},"line":9},"3":{"name":"(anonymous_3)","decl":{"start":{"line":15,"column":19},"end":{"line":15,"column":20}},"loc":{"start":{"line":15,"column":34},"end":{"line":19,"column":1}},"line":15},"4":{"name":"(anonymous_4)","decl":{"start":{"line":21,"column":21},"end":{"line":21,"column":22}},"loc":{"start":{"line":21,"column":36},"end":{"line":23,"column":1}},"line":21}},"branchMap":{"0":{"loc":{"start":{"line":3,"column":21},"end":{"line":3,"column":67}},"type":"binary-expr","locations":[{"start":{"line":3,"column":21},"end":{"line":3,"column":25}},{"start":{"line":3,"column":29},"end":{"line":3,"column":39}},{"start":{"line":3,"column":43},"end":{"line":3,"column":67}}],"line":3},"1":{"loc":{"start":{"line":4,"column":9},"end":{"line":4,"column":76}},"type":"cond-expr","locations":[{"start":{"line":4,"column":64},"end":{"line":4,"column":69}},{"start":{"line":4,"column":72},"end":{"line":4,"column":76}}],"line":4},"2":{"loc":{"start":{"line":8,"column":20},"end":{"line":8,"column":39}},"type":"binary-expr","locations":[{"start":{"line":8,"column":20},"end":{"line":8,"column":24}},{"start":{"line":8,"column":28},"end":{"line":8,"column":39}}],"line":8},"3":{"loc":{"start":{"line":11,"column":11},"end":{"line":11,"column":36}},"type":"cond-expr","locations":[{"start":{"line":11,"column":24},"end":{"line":11,"column":29}},{"start":{"line":11,"column":32},"end":{"line":11,"column":36}}],"line":11},"4":{"loc":{"start":{"line":18,"column":9},"end":{"line":18,"column":35}},"type":"cond-expr","locations":[{"start":{"line":18,"column":17},"end":{"line":18,"column":19}},{"start":{"line":18,"column":22},"end":{"line":18,"column":35}}],"line":18},"5":{"loc":{"start":{"line":18,"column":22},"end":{"line":18,"column":35}},"type":"cond-expr","locations":[{"start":{"line":18,"column":30},"end":{"line":18,"column":31}},{"start":{"line":18,"column":34},"end":{"line":18,"column":35}}],"line":18},"6":{"loc":{"start":{"line":22,"column":9},"end":{"line":22,"column":87}},"type":"cond-expr","locations":[{"start":{"line":22,"column":43},"end":{"line":22,"column":45}},{"start":{"line":22,"column":48},"end":{"line":22,"column":87}}],"line":22},"7":{"loc":{"start":{"line":22,"column":48},"end":{"line":22,"column":87}},"type":"cond-expr","locations":[{"start":{"line":22,"column":82},"end":{"line":22,"column":83}},{"start":{"line":22,"column":86},"end":{"line":22,"column":87}}],"line":22}},"s":{"0":3,"1":12,"2":12,"3":3,"4":2,"5":2,"6":4,"7":4,"8":3,"9":3,"10":3,"11":3,"12":3,"13":3},"f":{"0":12,"1":2,"2":4,"3":3,"4":3},"b":{"0":[12,12,12],"1":[10,2],"2":[2,2],"3":[3,1],"4":[1,2],"5":[1,1],"6":[1,2],"7":[1,1]},"_coverageSchema":"43e27e138ebf9cfc5966b082cf9a028302ed4184","hash":"fb1881c99394a16050c060de8c6421aa283dd123"}
}
