{"/Users/kukolca/Documents/reactjs/task5/ReactJS/client/src/consts.js": {"path":"/Users/kukolca/Documents/reactjs/task5/ReactJS/client/src/consts.js","statementMap":{"0":{"start":{"line":1,"column":21},"end":{"line":1,"column":28}},"1":{"start":{"line":2,"column":21},"end":{"line":2,"column":28}},"2":{"start":{"line":3,"column":27},"end":{"line":3,"column":41}},"3":{"start":{"line":4,"column":22},"end":{"line":4,"column":30}}},"fnMap":{},"branchMap":{},"s":{"0":6,"1":6,"2":6,"3":6},"f":{},"b":{},"_coverageSchema":"43e27e138ebf9cfc5966b082cf9a028302ed4184","hash":"c75661cae268edc40feb02a337fb35325a6dc8c0"}
,"/Users/kukolca/Documents/reactjs/task5/ReactJS/client/src/mock-data.js": {"path":"/Users/kukolca/Documents/reactjs/task5/ReactJS/client/src/mock-data.js","statementMap":{"0":{"start":{"line":1,"column":15},"end":{"line":188,"column":1}}},"fnMap":{},"branchMap":{},"s":{"0":1},"f":{},"b":{},"_coverageSchema":"43e27e138ebf9cfc5966b082cf9a028302ed4184","hash":"98aabf822e93021549e4cbbeed78cd79eff456c1"}
,"/Users/kukolca/Documents/reactjs/task5/ReactJS/client/src/components/app.js": {"path":"/Users/kukolca/Documents/reactjs/task5/ReactJS/client/src/components/app.js","statementMap":{"0":{"start":{"line":18,"column":4},"end":{"line":26,"column":5}},"1":{"start":{"line":19,"column":29},"end":{"line":19,"column":79}},"2":{"start":{"line":20,"column":26},"end":{"line":20,"column":91}},"3":{"start":{"line":20,"column":56},"end":{"line":20,"column":90}},"4":{"start":{"line":21,"column":6},"end":{"line":23,"column":9}},"5":{"start":{"line":25,"column":6},"end":{"line":25,"column":40}},"6":{"start":{"line":30,"column":25},"end":{"line":32,"column":6}},"7":{"start":{"line":31,"column":6},"end":{"line":31,"column":74}},"8":{"start":{"line":34,"column":4},"end":{"line":37,"column":7}},"9":{"start":{"line":38,"column":4},"end":{"line":38,"column":26}},"10":{"start":{"line":42,"column":4},"end":{"line":45,"column":7}},"11":{"start":{"line":49,"column":4},"end":{"line":64,"column":6}}},"fnMap":{"0":{"name":"(anonymous_0)","decl":{"start":{"line":17,"column":24},"end":{"line":17,"column":25}},"loc":{"start":{"line":17,"column":51},"end":{"line":27,"column":3}},"line":17},"1":{"name":"(anonymous_1)","decl":{"start":{"line":20,"column":45},"end":{"line":20,"column":46}},"loc":{"start":{"line":20,"column":56},"end":{"line":20,"column":90}},"line":20},"2":{"name":"(anonymous_2)","decl":{"start":{"line":29,"column":17},"end":{"line":29,"column":18}},"loc":{"start":{"line":29,"column":27},"end":{"line":39,"column":3}},"line":29},"3":{"name":"(anonymous_3)","decl":{"start":{"line":30,"column":56},"end":{"line":30,"column":57}},"loc":{"start":{"line":30,"column":67},"end":{"line":32,"column":5}},"line":30},"4":{"name":"(anonymous_4)","decl":{"start":{"line":41,"column":17},"end":{"line":41,"column":18}},"loc":{"start":{"line":41,"column":23},"end":{"line":46,"column":3}},"line":41},"5":{"name":"(anonymous_5)","decl":{"start":{"line":48,"column":2},"end":{"line":48,"column":3}},"loc":{"start":{"line":48,"column":11},"end":{"line":65,"column":3}},"line":48}},"branchMap":{"0":{"loc":{"start":{"line":18,"column":4},"end":{"line":26,"column":5}},"type":"if","locations":[{"start":{"line":18,"column":4},"end":{"line":26,"column":5}},{"start":{"line":18,"column":4},"end":{"line":26,"column":5}}],"line":18},"1":{"loc":{"start":{"line":19,"column":29},"end":{"line":19,"column":79}},"type":"cond-expr","locations":[{"start":{"line":19,"column":50},"end":{"line":19,"column":63}},{"start":{"line":19,"column":66},"end":{"line":19,"column":79}}],"line":19},"2":{"loc":{"start":{"line":22,"column":22},"end":{"line":22,"column":89}},"type":"cond-expr","locations":[{"start":{"line":22,"column":47},"end":{"line":22,"column":75}},{"start":{"line":22,"column":78},"end":{"line":22,"column":89}}],"line":22},"3":{"loc":{"start":{"line":31,"column":13},"end":{"line":31,"column":73}},"type":"binary-expr","locations":[{"start":{"line":31,"column":13},"end":{"line":31,"column":49}},{"start":{"line":31,"column":53},"end":{"line":31,"column":73}}],"line":31}},"s":{"0":2,"1":1,"2":1,"3":10,"4":1,"5":1,"6":1,"7":0,"8":1,"9":1,"10":1,"11":9},"f":{"0":2,"1":10,"2":1,"3":0,"4":1,"5":9},"b":{"0":[1,1],"1":[1,0],"2":[1,0],"3":[0,0]},"_coverageSchema":"43e27e138ebf9cfc5966b082cf9a028302ed4184","hash":"74f27abfe0277b791c07917f5fbebbf1aad911e9"}
,"/Users/kukolca/Documents/reactjs/task5/ReactJS/client/src/components/common/button/button.component.js": {"path":"/Users/kukolca/Documents/reactjs/task5/ReactJS/client/src/components/common/button/button.component.js","statementMap":{"0":{"start":{"line":8,"column":2},"end":{"line":14,"column":3}},"1":{"start":{"line":9,"column":4},"end":{"line":9,"column":29}},"2":{"start":{"line":10,"column":9},"end":{"line":14,"column":3}},"3":{"start":{"line":11,"column":4},"end":{"line":11,"column":30}},"4":{"start":{"line":12,"column":9},"end":{"line":14,"column":3}},"5":{"start":{"line":13,"column":4},"end":{"line":13,"column":27}},"6":{"start":{"line":16,"column":2},"end":{"line":18,"column":3}},"7":{"start":{"line":17,"column":4},"end":{"line":17,"column":34}},"8":{"start":{"line":20,"column":2},"end":{"line":28,"column":4}}},"fnMap":{"0":{"name":"Button","decl":{"start":{"line":4,"column":24},"end":{"line":4,"column":30}},"loc":{"start":{"line":4,"column":38},"end":{"line":29,"column":1}},"line":4}},"branchMap":{"0":{"loc":{"start":{"line":8,"column":2},"end":{"line":14,"column":3}},"type":"if","locations":[{"start":{"line":8,"column":2},"end":{"line":14,"column":3}},{"start":{"line":8,"column":2},"end":{"line":14,"column":3}}],"line":8},"1":{"loc":{"start":{"line":10,"column":9},"end":{"line":14,"column":3}},"type":"if","locations":[{"start":{"line":10,"column":9},"end":{"line":14,"column":3}},{"start":{"line":10,"column":9},"end":{"line":14,"column":3}}],"line":10},"2":{"loc":{"start":{"line":12,"column":9},"end":{"line":14,"column":3}},"type":"if","locations":[{"start":{"line":12,"column":9},"end":{"line":14,"column":3}},{"start":{"line":12,"column":9},"end":{"line":14,"column":3}}],"line":12},"3":{"loc":{"start":{"line":16,"column":2},"end":{"line":18,"column":3}},"type":"if","locations":[{"start":{"line":16,"column":2},"end":{"line":18,"column":3}},{"start":{"line":16,"column":2},"end":{"line":18,"column":3}}],"line":16}},"s":{"0":4,"1":2,"2":2,"3":1,"4":1,"5":1,"6":4,"7":1,"8":4},"f":{"0":4},"b":{"0":[2,2],"1":[1,1],"2":[1,0],"3":[1,3]},"_coverageSchema":"43e27e138ebf9cfc5966b082cf9a028302ed4184","hash":"9394b1c869e9efa19f1441beb1a11adbd1414b09"}
,"/Users/kukolca/Documents/reactjs/task5/ReactJS/client/src/components/common/errorBoundary/errorBoundary.component.js": {"path":"/Users/kukolca/Documents/reactjs/task5/ReactJS/client/src/components/common/errorBoundary/errorBoundary.component.js","statementMap":{"0":{"start":{"line":8,"column":4},"end":{"line":8,"column":30}},"1":{"start":{"line":16,"column":4},"end":{"line":18,"column":5}},"2":{"start":{"line":17,"column":6},"end":{"line":17,"column":44}},"3":{"start":{"line":20,"column":4},"end":{"line":20,"column":31}}},"fnMap":{"0":{"name":"(anonymous_0)","decl":{"start":{"line":7,"column":2},"end":{"line":7,"column":3}},"loc":{"start":{"line":7,"column":41},"end":{"line":9,"column":3}},"line":7},"1":{"name":"(anonymous_1)","decl":{"start":{"line":11,"column":2},"end":{"line":11,"column":3}},"loc":{"start":{"line":11,"column":33},"end":{"line":13,"column":3}},"line":11},"2":{"name":"(anonymous_2)","decl":{"start":{"line":15,"column":2},"end":{"line":15,"column":3}},"loc":{"start":{"line":15,"column":11},"end":{"line":21,"column":3}},"line":15}},"branchMap":{"0":{"loc":{"start":{"line":16,"column":4},"end":{"line":18,"column":5}},"type":"if","locations":[{"start":{"line":16,"column":4},"end":{"line":18,"column":5}},{"start":{"line":16,"column":4},"end":{"line":18,"column":5}}],"line":16}},"s":{"0":1,"1":5,"2":1,"3":4},"f":{"0":1,"1":2,"2":5},"b":{"0":[1,4]},"_coverageSchema":"43e27e138ebf9cfc5966b082cf9a028302ed4184","hash":"bec70059b900ab3089b8731b6e6e717225eb6cff"}
,"/Users/kukolca/Documents/reactjs/task5/ReactJS/client/src/components/common/search/search.component.js": {"path":"/Users/kukolca/Documents/reactjs/task5/ReactJS/client/src/components/common/search/search.component.js","statementMap":{"0":{"start":{"line":4,"column":2},"end":{"line":12,"column":4}}},"fnMap":{"0":{"name":"Input","decl":{"start":{"line":3,"column":24},"end":{"line":3,"column":29}},"loc":{"start":{"line":3,"column":37},"end":{"line":13,"column":1}},"line":3}},"branchMap":{},"s":{"0":1},"f":{"0":1},"b":{},"_coverageSchema":"43e27e138ebf9cfc5966b082cf9a028302ed4184","hash":"d2dc29111c614fcf85612347e9a3832575bfe642"}
,"/Users/kukolca/Documents/reactjs/task5/ReactJS/client/src/components/footer/footer.component.js": {"path":"/Users/kukolca/Documents/reactjs/task5/ReactJS/client/src/components/footer/footer.component.js","statementMap":{"0":{"start":{"line":5,"column":2},"end":{"line":7,"column":4}}},"fnMap":{"0":{"name":"Footer","decl":{"start":{"line":4,"column":24},"end":{"line":4,"column":30}},"loc":{"start":{"line":4,"column":33},"end":{"line":8,"column":1}},"line":4}},"branchMap":{},"s":{"0":1},"f":{"0":1},"b":{},"_coverageSchema":"43e27e138ebf9cfc5966b082cf9a028302ed4184","hash":"f53c2fc38da43c1ac3fa5a4a941b322e00a20e57"}
,"/Users/kukolca/Documents/reactjs/task5/ReactJS/client/src/components/header/header.container.js": {"path":"/Users/kukolca/Documents/reactjs/task5/ReactJS/client/src/components/header/header.container.js","statementMap":{"0":{"start":{"line":15,"column":4},"end":{"line":17,"column":5}},"1":{"start":{"line":16,"column":6},"end":{"line":16,"column":61}},"2":{"start":{"line":21,"column":4},"end":{"line":23,"column":7}},"3":{"start":{"line":27,"column":4},"end":{"line":27,"column":51}},"4":{"start":{"line":35,"column":8},"end":{"line":35,"column":18}},"5":{"start":{"line":37,"column":4},"end":{"line":54,"column":6}},"6":{"start":{"line":48,"column":37},"end":{"line":48,"column":101}},"7":{"start":{"line":58,"column":0},"end":{"line":62,"column":1}}},"fnMap":{"0":{"name":"(anonymous_0)","decl":{"start":{"line":14,"column":23},"end":{"line":14,"column":24}},"loc":{"start":{"line":14,"column":34},"end":{"line":18,"column":3}},"line":14},"1":{"name":"(anonymous_1)","decl":{"start":{"line":20,"column":25},"end":{"line":20,"column":26}},"loc":{"start":{"line":20,"column":36},"end":{"line":24,"column":3}},"line":20},"2":{"name":"(anonymous_2)","decl":{"start":{"line":26,"column":24},"end":{"line":26,"column":25}},"loc":{"start":{"line":26,"column":35},"end":{"line":28,"column":3}},"line":26},"3":{"name":"(anonymous_3)","decl":{"start":{"line":30,"column":2},"end":{"line":30,"column":3}},"loc":{"start":{"line":30,"column":11},"end":{"line":55,"column":3}},"line":30},"4":{"name":"(anonymous_4)","decl":{"start":{"line":48,"column":33},"end":{"line":48,"column":34}},"loc":{"start":{"line":48,"column":37},"end":{"line":48,"column":101}},"line":48}},"branchMap":{"0":{"loc":{"start":{"line":15,"column":4},"end":{"line":17,"column":5}},"type":"if","locations":[{"start":{"line":15,"column":4},"end":{"line":17,"column":5}},{"start":{"line":15,"column":4},"end":{"line":17,"column":5}}],"line":15},"1":{"loc":{"start":{"line":39,"column":9},"end":{"line":52,"column":9}},"type":"cond-expr","locations":[{"start":{"line":40,"column":10},"end":{"line":43,"column":12}},{"start":{"line":45,"column":10},"end":{"line":51,"column":12}}],"line":39}},"s":{"0":1,"1":1,"2":1,"3":1,"4":7,"5":7,"6":0,"7":2},"f":{"0":1,"1":1,"2":1,"3":7,"4":0},"b":{"0":[1,0],"1":[6,1]},"_coverageSchema":"43e27e138ebf9cfc5966b082cf9a028302ed4184","hash":"0eabbdc90f1a1c45af544960709480b1ec6d4056"}
,"/Users/kukolca/Documents/reactjs/task5/ReactJS/client/src/components/header/descriptionHeader/descriptionHeader.component.js": {"path":"/Users/kukolca/Documents/reactjs/task5/ReactJS/client/src/components/header/descriptionHeader/descriptionHeader.component.js","statementMap":{"0":{"start":{"line":8,"column":23},"end":{"line":8,"column":56}},"1":{"start":{"line":9,"column":2},"end":{"line":30,"column":3}},"2":{"start":{"line":33,"column":0},"end":{"line":36,"column":1}}},"fnMap":{"0":{"name":"DescriptionHeader","decl":{"start":{"line":6,"column":9},"end":{"line":6,"column":26}},"loc":{"start":{"line":6,"column":35},"end":{"line":31,"column":1}},"line":6}},"branchMap":{},"s":{"0":1,"1":1,"2":3},"f":{"0":1},"b":{},"_coverageSchema":"43e27e138ebf9cfc5966b082cf9a028302ed4184","hash":"80bbf39439d6de4962029d7b4d10d26e28bc8a68"}
,"/Users/kukolca/Documents/reactjs/task5/ReactJS/client/src/components/header/mainHeader/mainHeader.component.js": {"path":"/Users/kukolca/Documents/reactjs/task5/ReactJS/client/src/components/header/mainHeader/mainHeader.component.js","statementMap":{"0":{"start":{"line":8,"column":2},"end":{"line":22,"column":3}},"1":{"start":{"line":25,"column":0},"end":{"line":31,"column":1}}},"fnMap":{"0":{"name":"MainHeader","decl":{"start":{"line":7,"column":9},"end":{"line":7,"column":19}},"loc":{"start":{"line":7,"column":28},"end":{"line":23,"column":1}},"line":7}},"branchMap":{},"s":{"0":1,"1":3},"f":{"0":1},"b":{},"_coverageSchema":"43e27e138ebf9cfc5966b082cf9a028302ed4184","hash":"592b52c36d063ca8e859b95a986bef1e4bb36845"}
,"/Users/kukolca/Documents/reactjs/task5/ReactJS/client/src/components/header/searchBar/searchBar.component.js": {"path":"/Users/kukolca/Documents/reactjs/task5/ReactJS/client/src/components/header/searchBar/searchBar.component.js","statementMap":{"0":{"start":{"line":9,"column":2},"end":{"line":28,"column":4}},"1":{"start":{"line":31,"column":0},"end":{"line":35,"column":1}}},"fnMap":{"0":{"name":"SearchBar","decl":{"start":{"line":7,"column":9},"end":{"line":7,"column":18}},"loc":{"start":{"line":7,"column":26},"end":{"line":29,"column":1}},"line":7}},"branchMap":{"0":{"loc":{"start":{"line":12,"column":7},"end":{"line":17,"column":9}},"type":"cond-expr","locations":[{"start":{"line":14,"column":10},"end":{"line":14,"column":97}},{"start":{"line":16,"column":10},"end":{"line":16,"column":82}}],"line":12},"1":{"loc":{"start":{"line":19,"column":7},"end":{"line":24,"column":9}},"type":"cond-expr","locations":[{"start":{"line":21,"column":10},"end":{"line":21,"column":97}},{"start":{"line":23,"column":10},"end":{"line":23,"column":82}}],"line":19}},"s":{"0":2,"1":4},"f":{"0":2},"b":{"0":[1,1],"1":[1,1]},"_coverageSchema":"43e27e138ebf9cfc5966b082cf9a028302ed4184","hash":"95e2c4357c88c0c2a4300e8f3cd910dc8d033dd9"}
,"/Users/kukolca/Documents/reactjs/task5/ReactJS/client/src/components/main/main.container.js": {"path":"/Users/kukolca/Documents/reactjs/task5/ReactJS/client/src/components/main/main.container.js","statementMap":{"0":{"start":{"line":20,"column":4},"end":{"line":26,"column":5}},"1":{"start":{"line":21,"column":6},"end":{"line":21,"column":27}},"2":{"start":{"line":22,"column":6},"end":{"line":22,"column":30}},"3":{"start":{"line":23,"column":11},"end":{"line":26,"column":5}},"4":{"start":{"line":24,"column":6},"end":{"line":24,"column":22}},"5":{"start":{"line":25,"column":6},"end":{"line":25,"column":32}},"6":{"start":{"line":28,"column":4},"end":{"line":31,"column":7}},"7":{"start":{"line":35,"column":23},"end":{"line":35,"column":74}},"8":{"start":{"line":37,"column":4},"end":{"line":53,"column":6}},"9":{"start":{"line":57,"column":0},"end":{"line":61,"column":1}}},"fnMap":{"0":{"name":"(anonymous_0)","decl":{"start":{"line":16,"column":19},"end":{"line":16,"column":20}},"loc":{"start":{"line":16,"column":30},"end":{"line":32,"column":3}},"line":16},"1":{"name":"(anonymous_1)","decl":{"start":{"line":34,"column":2},"end":{"line":34,"column":3}},"loc":{"start":{"line":34,"column":11},"end":{"line":54,"column":3}},"line":34}},"branchMap":{"0":{"loc":{"start":{"line":20,"column":4},"end":{"line":26,"column":5}},"type":"if","locations":[{"start":{"line":20,"column":4},"end":{"line":26,"column":5}},{"start":{"line":20,"column":4},"end":{"line":26,"column":5}}],"line":20},"1":{"loc":{"start":{"line":23,"column":11},"end":{"line":26,"column":5}},"type":"if","locations":[{"start":{"line":23,"column":11},"end":{"line":26,"column":5}},{"start":{"line":23,"column":11},"end":{"line":26,"column":5}}],"line":23}},"s":{"0":2,"1":1,"2":1,"3":1,"4":1,"5":1,"6":2,"7":5,"8":5,"9":2},"f":{"0":2,"1":5},"b":{"0":[1,1],"1":[1,0]},"_coverageSchema":"43e27e138ebf9cfc5966b082cf9a028302ed4184","hash":"f45879a37845ab31065db3960ae036c2e76874f3"}
,"/Users/kukolca/Documents/reactjs/task5/ReactJS/client/src/components/main/moviesList/moviesList.component.js": {"path":"/Users/kukolca/Documents/reactjs/task5/ReactJS/client/src/components/main/moviesList/moviesList.component.js","statementMap":{"0":{"start":{"line":8,"column":33},"end":{"line":8,"column":38}},"1":{"start":{"line":9,"column":20},"end":{"line":11,"column":3}},"2":{"start":{"line":10,"column":4},"end":{"line":10,"column":71}},"3":{"start":{"line":13,"column":2},"end":{"line":26,"column":4}},"4":{"start":{"line":29,"column":0},"end":{"line":32,"column":1}}},"fnMap":{"0":{"name":"MoviesList","decl":{"start":{"line":7,"column":9},"end":{"line":7,"column":19}},"loc":{"start":{"line":7,"column":27},"end":{"line":27,"column":1}},"line":7},"1":{"name":"(anonymous_1)","decl":{"start":{"line":9,"column":29},"end":{"line":9,"column":30}},"loc":{"start":{"line":10,"column":4},"end":{"line":10,"column":71}},"line":10}},"branchMap":{"0":{"loc":{"start":{"line":15,"column":8},"end":{"line":23,"column":9}},"type":"cond-expr","locations":[{"start":{"line":16,"column":10},"end":{"line":18,"column":16}},{"start":{"line":20,"column":10},"end":{"line":22,"column":16}}],"line":15},"1":{"loc":{"start":{"line":15,"column":8},"end":{"line":15,"column":33}},"type":"binary-expr","locations":[{"start":{"line":15,"column":8},"end":{"line":15,"column":13}},{"start":{"line":15,"column":17},"end":{"line":15,"column":33}}],"line":15}},"s":{"0":1,"1":1,"2":1,"3":1,"4":3},"f":{"0":1,"1":1},"b":{"0":[0,1],"1":[1,1]},"_coverageSchema":"43e27e138ebf9cfc5966b082cf9a028302ed4184","hash":"bb1bd097771f36a39addf46cf2cd1ffb2d3a702a"}
,"/Users/kukolca/Documents/reactjs/task5/ReactJS/client/src/components/main/moviesList/movieBlock/movieBlock.component.js": {"path":"/Users/kukolca/Documents/reactjs/task5/ReactJS/client/src/components/main/moviesList/movieBlock/movieBlock.component.js","statementMap":{"0":{"start":{"line":7,"column":15},"end":{"line":7,"column":48}},"1":{"start":{"line":9,"column":2},"end":{"line":23,"column":4}},"2":{"start":{"line":10,"column":51},"end":{"line":10,"column":81}},"3":{"start":{"line":26,"column":0},"end":{"line":29,"column":1}}},"fnMap":{"0":{"name":"MovieBlock","decl":{"start":{"line":5,"column":9},"end":{"line":5,"column":19}},"loc":{"start":{"line":5,"column":27},"end":{"line":24,"column":1}},"line":5},"1":{"name":"(anonymous_1)","decl":{"start":{"line":10,"column":47},"end":{"line":10,"column":48}},"loc":{"start":{"line":10,"column":51},"end":{"line":10,"column":81}},"line":10}},"branchMap":{},"s":{"0":2,"1":2,"2":1,"3":4},"f":{"0":2,"1":1},"b":{},"_coverageSchema":"43e27e138ebf9cfc5966b082cf9a028302ed4184","hash":"913d243136d6d54f8ef0819acc2dec06213b46d6"}
,"/Users/kukolca/Documents/reactjs/task5/ReactJS/client/src/components/main/sortBar/sortBar.component.js": {"path":"/Users/kukolca/Documents/reactjs/task5/ReactJS/client/src/components/main/sortBar/sortBar.component.js","statementMap":{"0":{"start":{"line":7,"column":22},"end":{"line":7,"column":74}},"1":{"start":{"line":8,"column":24},"end":{"line":8,"column":57}},"2":{"start":{"line":10,"column":21},"end":{"line":25,"column":3}},"3":{"start":{"line":11,"column":4},"end":{"line":24,"column":5}},"4":{"start":{"line":12,"column":6},"end":{"line":17,"column":7}},"5":{"start":{"line":19,"column":6},"end":{"line":23,"column":7}},"6":{"start":{"line":27,"column":26},"end":{"line":29,"column":3}},"7":{"start":{"line":28,"column":4},"end":{"line":28,"column":86}},"8":{"start":{"line":31,"column":21},"end":{"line":38,"column":3}},"9":{"start":{"line":32,"column":4},"end":{"line":37,"column":7}},"10":{"start":{"line":39,"column":2},"end":{"line":45,"column":4}}},"fnMap":{"0":{"name":"SortBar","decl":{"start":{"line":6,"column":24},"end":{"line":6,"column":31}},"loc":{"start":{"line":6,"column":39},"end":{"line":46,"column":1}},"line":6},"1":{"name":"(anonymous_1)","decl":{"start":{"line":10,"column":21},"end":{"line":10,"column":22}},"loc":{"start":{"line":10,"column":51},"end":{"line":25,"column":3}},"line":10},"2":{"name":"(anonymous_2)","decl":{"start":{"line":27,"column":26},"end":{"line":27,"column":27}},"loc":{"start":{"line":28,"column":4},"end":{"line":28,"column":86}},"line":28},"3":{"name":"(anonymous_3)","decl":{"start":{"line":31,"column":21},"end":{"line":31,"column":22}},"loc":{"start":{"line":32,"column":4},"end":{"line":37,"column":7}},"line":32}},"branchMap":{"0":{"loc":{"start":{"line":11,"column":4},"end":{"line":24,"column":5}},"type":"if","locations":[{"start":{"line":11,"column":4},"end":{"line":24,"column":5}},{"start":{"line":11,"column":4},"end":{"line":24,"column":5}}],"line":11},"1":{"loc":{"start":{"line":35,"column":35},"end":{"line":35,"column":97}},"type":"cond-expr","locations":[{"start":{"line":35,"column":66},"end":{"line":35,"column":79}},{"start":{"line":35,"column":82},"end":{"line":35,"column":97}}],"line":35},"2":{"loc":{"start":{"line":36,"column":29},"end":{"line":36,"column":86}},"type":"cond-expr","locations":[{"start":{"line":36,"column":55},"end":{"line":36,"column":68}},{"start":{"line":36,"column":71},"end":{"line":36,"column":86}}],"line":36},"3":{"loc":{"start":{"line":42,"column":9},"end":{"line":42,"column":86}},"type":"binary-expr","locations":[{"start":{"line":42,"column":9},"end":{"line":42,"column":24}},{"start":{"line":42,"column":29},"end":{"line":42,"column":48}},{"start":{"line":42,"column":52},"end":{"line":42,"column":69}},{"start":{"line":42,"column":73},"end":{"line":42,"column":85}}],"line":42}},"s":{"0":2,"1":2,"2":2,"3":4,"4":2,"5":2,"6":2,"7":1,"8":2,"9":1,"10":2},"f":{"0":2,"1":4,"2":1,"3":1},"b":{"0":[2,2],"1":[0,1],"2":[1,0],"3":[2,2,1,1]},"_coverageSchema":"43e27e138ebf9cfc5966b082cf9a028302ed4184","hash":"b630796a81ddc98af76a7735651e344a57122a26"}
,"/Users/kukolca/Documents/reactjs/task5/ReactJS/client/src/utils/filterMethods.js": {"path":"/Users/kukolca/Documents/reactjs/task5/ReactJS/client/src/utils/filterMethods.js","statementMap":{"0":{"start":{"line":2,"column":22},"end":{"line":5,"column":1}},"1":{"start":{"line":3,"column":21},"end":{"line":3,"column":67}},"2":{"start":{"line":4,"column":2},"end":{"line":4,"column":77}},"3":{"start":{"line":7,"column":22},"end":{"line":13,"column":1}},"4":{"start":{"line":8,"column":20},"end":{"line":8,"column":39}},"5":{"start":{"line":9,"column":2},"end":{"line":12,"column":5}},"6":{"start":{"line":10,"column":16},"end":{"line":10,"column":69}},"7":{"start":{"line":11,"column":4},"end":{"line":11,"column":37}},"8":{"start":{"line":15,"column":19},"end":{"line":19,"column":1}},"9":{"start":{"line":16,"column":2},"end":{"line":16,"column":31}},"10":{"start":{"line":17,"column":2},"end":{"line":17,"column":31}},"11":{"start":{"line":18,"column":2},"end":{"line":18,"column":36}},"12":{"start":{"line":21,"column":21},"end":{"line":23,"column":1}},"13":{"start":{"line":22,"column":2},"end":{"line":22,"column":88}}},"fnMap":{"0":{"name":"(anonymous_0)","decl":{"start":{"line":2,"column":22},"end":{"line":2,"column":23}},"loc":{"start":{"line":2,"column":50},"end":{"line":5,"column":1}},"line":2},"1":{"name":"(anonymous_1)","decl":{"start":{"line":7,"column":22},"end":{"line":7,"column":23}},"loc":{"start":{"line":7,"column":50},"end":{"line":13,"column":1}},"line":7},"2":{"name":"(anonymous_2)","decl":{"start":{"line":9,"column":24},"end":{"line":9,"column":25}},"loc":{"start":{"line":9,"column":34},"end":{"line":12,"column":3}},"line":9},"3":{"name":"(anonymous_3)","decl":{"start":{"line":15,"column":19},"end":{"line":15,"column":20}},"loc":{"start":{"line":15,"column":34},"end":{"line":19,"column":1}},"line":15},"4":{"name":"(anonymous_4)","decl":{"start":{"line":21,"column":21},"end":{"line":21,"column":22}},"loc":{"start":{"line":21,"column":36},"end":{"line":23,"column":1}},"line":21}},"branchMap":{"0":{"loc":{"start":{"line":3,"column":21},"end":{"line":3,"column":67}},"type":"binary-expr","locations":[{"start":{"line":3,"column":21},"end":{"line":3,"column":25}},{"start":{"line":3,"column":29},"end":{"line":3,"column":39}},{"start":{"line":3,"column":43},"end":{"line":3,"column":67}}],"line":3},"1":{"loc":{"start":{"line":4,"column":9},"end":{"line":4,"column":76}},"type":"cond-expr","locations":[{"start":{"line":4,"column":64},"end":{"line":4,"column":69}},{"start":{"line":4,"column":72},"end":{"line":4,"column":76}}],"line":4},"2":{"loc":{"start":{"line":8,"column":20},"end":{"line":8,"column":39}},"type":"binary-expr","locations":[{"start":{"line":8,"column":20},"end":{"line":8,"column":24}},{"start":{"line":8,"column":28},"end":{"line":8,"column":39}}],"line":8},"3":{"loc":{"start":{"line":11,"column":11},"end":{"line":11,"column":36}},"type":"cond-expr","locations":[{"start":{"line":11,"column":24},"end":{"line":11,"column":29}},{"start":{"line":11,"column":32},"end":{"line":11,"column":36}}],"line":11},"4":{"loc":{"start":{"line":18,"column":9},"end":{"line":18,"column":35}},"type":"cond-expr","locations":[{"start":{"line":18,"column":17},"end":{"line":18,"column":19}},{"start":{"line":18,"column":22},"end":{"line":18,"column":35}}],"line":18},"5":{"loc":{"start":{"line":18,"column":22},"end":{"line":18,"column":35}},"type":"cond-expr","locations":[{"start":{"line":18,"column":30},"end":{"line":18,"column":31}},{"start":{"line":18,"column":34},"end":{"line":18,"column":35}}],"line":18},"6":{"loc":{"start":{"line":22,"column":9},"end":{"line":22,"column":87}},"type":"cond-expr","locations":[{"start":{"line":22,"column":43},"end":{"line":22,"column":45}},{"start":{"line":22,"column":48},"end":{"line":22,"column":87}}],"line":22},"7":{"loc":{"start":{"line":22,"column":48},"end":{"line":22,"column":87}},"type":"cond-expr","locations":[{"start":{"line":22,"column":82},"end":{"line":22,"column":83}},{"start":{"line":22,"column":86},"end":{"line":22,"column":87}}],"line":22}},"s":{"0":3,"1":12,"2":12,"3":3,"4":2,"5":2,"6":4,"7":4,"8":3,"9":3,"10":3,"11":3,"12":3,"13":3},"f":{"0":12,"1":2,"2":4,"3":3,"4":3},"b":{"0":[12,12,12],"1":[10,2],"2":[2,2],"3":[3,1],"4":[1,2],"5":[1,1],"6":[1,2],"7":[1,1]},"_coverageSchema":"43e27e138ebf9cfc5966b082cf9a028302ed4184","hash":"4228645b20b97797a562a270df17d9b3bede00a3"}
}
