TN:
SF:/Users/alexandra_kukolca1/Documents/React/task4/ReactJS/client/src/consts.js
FNF:0
FNH:0
DA:1,3
DA:2,3
DA:3,3
DA:4,3
LF:4
LH:4
BRF:0
BRH:0
end_of_record
TN:
SF:/Users/alexandra_kukolca1/Documents/React/task4/ReactJS/client/src/components/common/button/button.component.js
FN:4,Button
FNF:1
FNH:1
FNDA:1,Button
DA:8,1
DA:9,0
DA:10,1
DA:11,0
DA:12,1
DA:13,1
DA:16,1
DA:17,0
DA:20,1
LF:9
LH:6
BRDA:8,0,0,0
BRDA:8,0,1,1
BRDA:10,1,0,0
BRDA:10,1,1,1
BRDA:12,2,0,1
BRDA:12,2,1,0
BRDA:16,3,0,0
BRDA:16,3,1,1
BRF:8
BRH:4
end_of_record
TN:
SF:/Users/alexandra_kukolca1/Documents/React/task4/ReactJS/client/src/components/common/errorBoundary/errorBoundary.component.js
FN:7,(anonymous_0)
FN:11,(anonymous_1)
FN:15,(anonymous_2)
FNF:3
FNH:0
FNDA:0,(anonymous_0)
FNDA:0,(anonymous_1)
FNDA:0,(anonymous_2)
DA:8,0
DA:12,0
DA:16,0
DA:17,0
DA:20,0
LF:5
LH:0
BRDA:16,0,0,0
BRDA:16,0,1,0
BRF:2
BRH:0
end_of_record
TN:
SF:/Users/alexandra_kukolca1/Documents/React/task4/ReactJS/client/src/components/common/search/search.component.js
FN:3,Input
FNF:1
FNH:1
FNDA:1,Input
DA:4,1
LF:1
LH:1
BRF:0
BRH:0
end_of_record
TN:
SF:/Users/alexandra_kukolca1/Documents/React/task4/ReactJS/client/src/components/footer/footer.component.js
FN:4,Footer
FNF:1
FNH:1
FNDA:1,Footer
DA:5,1
LF:1
LH:1
BRF:0
BRH:0
end_of_record
TN:
SF:/Users/alexandra_kukolca1/Documents/React/task4/ReactJS/client/src/components/header/header.component.js
FN:11,(anonymous_0)
FN:17,(anonymous_1)
FN:23,(anonymous_2)
FN:43,(anonymous_3)
FNF:4
FNH:1
FNDA:0,(anonymous_0)
FNDA:0,(anonymous_1)
FNDA:1,(anonymous_2)
FNDA:0,(anonymous_3)
DA:12,0
DA:13,0
DA:18,0
DA:30,1
DA:32,1
DA:43,0
LF:6
LH:2
BRDA:12,0,0,0
BRDA:12,0,1,0
BRDA:34,1,0,1
BRDA:34,1,1,0
BRF:4
BRH:1
end_of_record
TN:
SF:/Users/alexandra_kukolca1/Documents/React/task4/ReactJS/client/src/components/header/descriptionHeader/descriptionHeader.component.js
FN:5,DescriptionHeader
FNF:1
FNH:1
FNDA:1,DescriptionHeader
DA:7,1
DA:8,1
LF:2
LH:2
BRF:0
BRH:0
end_of_record
TN:
SF:/Users/alexandra_kukolca1/Documents/React/task4/ReactJS/client/src/components/header/mainHeader/mainHeader.component.js
FN:6,MainHeader
FNF:1
FNH:1
FNDA:1,MainHeader
DA:7,1
LF:1
LH:1
BRF:0
BRH:0
end_of_record
TN:
SF:/Users/alexandra_kukolca1/Documents/React/task4/ReactJS/client/src/components/header/searchBar/searchBar.component.js
FN:6,SearchBar
FNF:1
FNH:1
FNDA:2,SearchBar
DA:8,2
LF:1
LH:1
BRDA:11,0,0,1
BRDA:11,0,1,1
BRDA:18,1,0,1
BRDA:18,1,1,1
BRF:4
BRH:4
end_of_record
TN:
SF:/Users/alexandra_kukolca1/Documents/React/task4/ReactJS/client/src/utils/filterMethods.js
FN:2,(anonymous_0)
FN:7,(anonymous_1)
FN:9,(anonymous_2)
FN:15,(anonymous_3)
FN:21,(anonymous_4)
FNF:5
FNH:5
FNDA:2,(anonymous_0)
FNDA:2,(anonymous_1)
FNDA:4,(anonymous_2)
FNDA:3,(anonymous_3)
FNDA:3,(anonymous_4)
DA:2,1
DA:3,2
DA:4,2
DA:7,1
DA:8,2
DA:9,2
DA:10,4
DA:11,4
DA:15,1
DA:16,3
DA:17,3
DA:18,3
DA:21,1
DA:22,3
LF:14
LH:14
BRDA:3,0,0,2
BRDA:3,0,1,2
BRDA:3,0,2,2
BRDA:4,1,0,1
BRDA:4,1,1,1
BRDA:8,2,0,2
BRDA:8,2,1,2
BRDA:11,3,0,3
BRDA:11,3,1,1
BRDA:18,4,0,1
BRDA:18,4,1,2
BRDA:18,5,0,1
BRDA:18,5,1,1
BRDA:22,6,0,1
BRDA:22,6,1,2
BRDA:22,7,0,1
BRDA:22,7,1,1
BRF:17
BRH:17
end_of_record
