TN:
SF:/Users/kukolca/Documents/reactjs/task5/ReactJS/client/src/consts.js
FN:11,(anonymous_0)
FN:12,(anonymous_1)
FNF:2
FNH:0
FNDA:0,(anonymous_0)
FNDA:0,(anonymous_1)
DA:1,9
DA:2,9
DA:3,9
DA:4,9
DA:5,9
DA:11,9
DA:12,0
LF:7
LH:6
BRF:0
BRH:0
end_of_record
TN:
SF:/Users/kukolca/Documents/reactjs/task5/ReactJS/client/src/actions/actionTypes.js
FNF:0
FNH:0
DA:1,11
DA:2,11
DA:3,11
DA:4,11
DA:5,11
DA:6,11
DA:7,11
DA:8,11
DA:9,11
DA:10,11
DA:11,11
LF:11
LH:11
BRF:0
BRH:0
end_of_record
TN:
SF:/Users/kukolca/Documents/reactjs/task5/ReactJS/client/src/actions/loadMoreActions.js
FN:4,loadMoreSuccess
FN:8,loadMore
FN:9,(anonymous_2)
FN:16,(anonymous_3)
FN:18,(anonymous_4)
FNF:5
FNH:4
FNDA:1,loadMoreSuccess
FNDA:1,loadMore
FNDA:1,(anonymous_2)
FNDA:1,(anonymous_3)
FNDA:0,(anonymous_4)
DA:5,1
DA:9,1
DA:10,1
DA:11,1
DA:12,1
DA:13,1
DA:14,1
DA:15,1
DA:17,1
DA:19,0
LF:10
LH:9
BRF:0
BRH:0
end_of_record
TN:
SF:/Users/kukolca/Documents/reactjs/task5/ReactJS/client/src/actions/movieActions.js
FN:10,loadMoviesSuccess
FN:14,loadMoviesError
FN:18,loadMovies
FN:19,(anonymous_3)
FN:27,(anonymous_4)
FN:29,(anonymous_5)
FN:36,loadMovieByIdSuccess
FN:40,loadMovieById
FN:41,(anonymous_8)
FN:43,(anonymous_9)
FN:49,(anonymous_10)
FNF:11
FNH:8
FNDA:2,loadMoviesSuccess
FNDA:0,loadMoviesError
FNDA:2,loadMovies
FNDA:2,(anonymous_3)
FNDA:2,(anonymous_4)
FNDA:0,(anonymous_5)
FNDA:1,loadMovieByIdSuccess
FNDA:1,loadMovieById
FNDA:1,(anonymous_8)
FNDA:1,(anonymous_9)
FNDA:0,(anonymous_10)
DA:11,2
DA:15,0
DA:19,2
DA:20,2
DA:21,2
DA:22,2
DA:23,2
DA:24,2
DA:25,2
DA:26,2
DA:28,2
DA:30,0
DA:37,1
DA:41,1
DA:42,1
DA:44,1
DA:45,1
DA:46,1
DA:47,1
DA:48,1
DA:50,0
LF:21
LH:18
BRDA:22,0,0,2
BRDA:22,0,1,1
BRDA:23,1,0,2
BRDA:23,1,1,1
BRF:4
BRH:4
end_of_record
TN:
SF:/Users/kukolca/Documents/reactjs/task5/ReactJS/client/src/actions/offsetActions.js
FN:3,increaseOffset
FN:7,resetOffset
FNF:2
FNH:2
FNDA:1,increaseOffset
FNDA:3,resetOffset
DA:4,1
DA:8,3
LF:2
LH:2
BRF:0
BRH:0
end_of_record
TN:
SF:/Users/kukolca/Documents/reactjs/task5/ReactJS/client/src/actions/searchActions.js
FN:4,setSearchValue
FN:11,setSearchBy
FN:18,setSortBy
FNF:3
FNH:3
FNDA:1,setSearchValue
FNDA:1,setSearchBy
FNDA:1,setSortBy
DA:5,1
DA:12,1
DA:19,1
LF:3
LH:3
BRF:0
BRH:0
end_of_record
TN:
SF:/Users/kukolca/Documents/reactjs/task5/ReactJS/client/src/actions/selectedMovieActions.js
FN:3,resetSelectedMovie
FNF:1
FNH:1
FNDA:1,resetSelectedMovie
DA:4,1
LF:1
LH:1
BRF:0
BRH:0
end_of_record
TN:
SF:/Users/kukolca/Documents/reactjs/task5/ReactJS/client/src/api/api-requests.js
FN:1,getMovies
FN:5,(anonymous_1)
FN:8,(anonymous_2)
FN:11,getMovieById
FN:16,(anonymous_4)
FN:17,(anonymous_5)
FNF:6
FNH:4
FNDA:3,getMovies
FNDA:3,(anonymous_1)
FNDA:0,(anonymous_2)
FNDA:1,getMovieById
FNDA:1,(anonymous_4)
FNDA:0,(anonymous_5)
DA:3,3
DA:4,3
DA:6,3
DA:8,0
DA:13,1
DA:15,1
DA:16,1
DA:17,0
LF:8
LH:6
BRF:0
BRH:0
end_of_record
TN:
SF:/Users/kukolca/Documents/reactjs/task5/ReactJS/client/src/components/app.js
FN:9,(anonymous_0)
FNF:1
FNH:1
FNDA:1,(anonymous_0)
DA:10,1
LF:1
LH:1
BRF:0
BRH:0
end_of_record
TN:
SF:/Users/kukolca/Documents/reactjs/task5/ReactJS/client/src/components/common/button/button.component.js
FN:4,Button
FNF:1
FNH:1
FNDA:5,Button
DA:8,5
DA:9,2
DA:10,3
DA:11,2
DA:12,1
DA:13,1
DA:14,0
DA:15,0
DA:18,5
DA:19,1
DA:22,5
LF:11
LH:9
BRDA:8,0,0,2
BRDA:8,0,1,3
BRDA:10,1,0,2
BRDA:10,1,1,1
BRDA:12,2,0,1
BRDA:12,2,1,0
BRDA:14,3,0,0
BRDA:14,3,1,0
BRDA:18,4,0,1
BRDA:18,4,1,4
BRF:10
BRH:7
end_of_record
TN:
SF:/Users/kukolca/Documents/reactjs/task5/ReactJS/client/src/components/common/errorBoundary/errorBoundary.component.js
FN:7,(anonymous_0)
FN:11,(anonymous_1)
FN:15,(anonymous_2)
FNF:3
FNH:3
FNDA:1,(anonymous_0)
FNDA:2,(anonymous_1)
FNDA:6,(anonymous_2)
DA:8,1
DA:16,6
DA:17,1
DA:20,5
LF:4
LH:4
BRDA:16,0,0,1
BRDA:16,0,1,5
BRF:2
BRH:2
end_of_record
TN:
SF:/Users/kukolca/Documents/reactjs/task5/ReactJS/client/src/components/common/search/search.component.js
FN:5,(anonymous_0)
FNF:1
FNH:1
FNDA:1,(anonymous_0)
DA:6,1
LF:1
LH:1
BRF:0
BRH:0
end_of_record
TN:
SF:/Users/kukolca/Documents/reactjs/task5/ReactJS/client/src/components/footer/footer.component.js
FN:4,Footer
FNF:1
FNH:1
FNDA:1,Footer
DA:5,1
LF:1
LH:1
BRF:0
BRH:0
end_of_record
TN:
SF:/Users/kukolca/Documents/reactjs/task5/ReactJS/client/src/components/header/header.container.js
FN:15,(anonymous_0)
FN:21,(anonymous_1)
FN:25,(anonymous_2)
FN:29,(anonymous_3)
FN:34,(anonymous_4)
FN:40,(anonymous_5)
FN:81,mapStateToProps
FN:90,mapDispatchToProps
FN:92,(anonymous_8)
FN:93,(anonymous_9)
FN:94,(anonymous_10)
FN:95,(anonymous_11)
FN:96,(anonymous_12)
FNF:13
FNH:1
FNDA:0,(anonymous_0)
FNDA:0,(anonymous_1)
FNDA:0,(anonymous_2)
FNDA:0,(anonymous_3)
FNDA:0,(anonymous_4)
FNDA:2,(anonymous_5)
FNDA:0,mapStateToProps
FNDA:0,mapDispatchToProps
FNDA:0,(anonymous_8)
FNDA:0,(anonymous_9)
FNDA:0,(anonymous_10)
FNDA:0,(anonymous_11)
FNDA:0,(anonymous_12)
DA:16,0
DA:17,0
DA:22,0
DA:26,0
DA:30,0
DA:31,0
DA:35,0
DA:36,0
DA:37,0
DA:45,2
DA:46,2
DA:69,2
DA:82,0
DA:91,0
DA:92,0
DA:93,0
DA:94,0
DA:95,0
DA:96,0
LF:19
LH:3
BRDA:16,0,0,0
BRDA:16,0,1,0
BRDA:48,1,0,1
BRDA:48,1,1,1
BRF:4
BRH:2
end_of_record
TN:
SF:/Users/kukolca/Documents/reactjs/task5/ReactJS/client/src/components/header/descriptionHeader/descriptionHeader.component.js
FN:6,DescriptionHeader
FNF:1
FNH:1
FNDA:2,DescriptionHeader
DA:8,2
DA:9,2
DA:33,3
LF:3
LH:3
BRF:0
BRH:0
end_of_record
TN:
SF:/Users/kukolca/Documents/reactjs/task5/ReactJS/client/src/components/header/mainHeader/mainHeader.component.js
FN:7,MainHeader
FNF:1
FNH:1
FNDA:1,MainHeader
DA:8,1
DA:27,3
LF:2
LH:2
BRF:0
BRH:0
end_of_record
TN:
SF:/Users/kukolca/Documents/reactjs/task5/ReactJS/client/src/components/header/searchBar/searchBar.component.js
FN:7,SearchBar
FNF:1
FNH:1
FNDA:2,SearchBar
DA:9,2
DA:31,4
LF:2
LH:2
BRDA:12,0,0,0
BRDA:12,0,1,2
BRDA:19,1,0,0
BRDA:19,1,1,2
BRF:4
BRH:2
end_of_record
TN:
SF:/Users/kukolca/Documents/reactjs/task5/ReactJS/client/src/components/main/main.container.js
FN:16,(anonymous_0)
FN:21,(anonymous_1)
FN:26,(anonymous_2)
FN:31,(anonymous_3)
FN:68,mapStateToProps
FN:77,mapDispatchToProps
FN:79,(anonymous_6)
FN:80,(anonymous_7)
FN:81,(anonymous_8)
FN:82,(anonymous_9)
FN:83,(anonymous_10)
FNF:11
FNH:0
FNDA:0,(anonymous_0)
FNDA:0,(anonymous_1)
FNDA:0,(anonymous_2)
FNDA:0,(anonymous_3)
FNDA:0,mapStateToProps
FNDA:0,mapDispatchToProps
FNDA:0,(anonymous_6)
FNDA:0,(anonymous_7)
FNDA:0,(anonymous_8)
FNDA:0,(anonymous_9)
FNDA:0,(anonymous_10)
DA:17,0
DA:18,0
DA:22,0
DA:23,0
DA:27,0
DA:28,0
DA:32,0
DA:56,2
DA:69,0
DA:78,0
DA:79,0
DA:80,0
DA:81,0
DA:82,0
DA:83,0
LF:15
LH:1
BRDA:47,0,0,0
BRDA:47,0,1,0
BRDA:47,0,2,0
BRF:3
BRH:0
end_of_record
TN:
SF:/Users/kukolca/Documents/reactjs/task5/ReactJS/client/src/components/main/moviesList/moviesList.component.js
FN:7,MoviesList
FN:9,(anonymous_1)
FNF:2
FNH:2
FNDA:1,MoviesList
FNDA:1,(anonymous_1)
DA:8,1
DA:9,1
DA:10,1
DA:13,1
DA:29,3
LF:5
LH:5
BRDA:15,0,0,0
BRDA:15,0,1,1
BRDA:15,1,0,1
BRDA:15,1,1,1
BRF:4
BRH:3
end_of_record
TN:
SF:/Users/kukolca/Documents/reactjs/task5/ReactJS/client/src/components/main/moviesList/movieBlock/movieBlock.component.js
FN:5,MovieBlock
FN:10,(anonymous_1)
FNF:2
FNH:2
FNDA:2,MovieBlock
FNDA:1,(anonymous_1)
DA:7,2
DA:9,2
DA:10,1
DA:26,4
LF:4
LH:4
BRF:0
BRH:0
end_of_record
TN:
SF:/Users/kukolca/Documents/reactjs/task5/ReactJS/client/src/components/main/sortBar/sortBar.component.js
FN:6,SortBar
FN:10,(anonymous_1)
FN:27,(anonymous_2)
FN:31,(anonymous_3)
FNF:4
FNH:4
FNDA:2,SortBar
FNDA:4,(anonymous_1)
FNDA:1,(anonymous_2)
FNDA:1,(anonymous_3)
DA:7,2
DA:8,2
DA:10,2
DA:11,4
DA:12,2
DA:19,2
DA:27,2
DA:28,1
DA:31,2
DA:32,1
DA:39,2
LF:11
LH:11
BRDA:11,0,0,2
BRDA:11,0,1,2
BRDA:35,1,0,0
BRDA:35,1,1,1
BRDA:36,2,0,1
BRDA:36,2,1,0
BRDA:42,3,0,2
BRDA:42,3,1,2
BRDA:42,3,2,1
BRDA:42,3,3,1
BRF:10
BRH:8
end_of_record
TN:
SF:/Users/kukolca/Documents/reactjs/task5/ReactJS/client/src/reducers/movieReducer.js
FN:14,movieReducer
FNF:1
FNH:1
FNDA:5,movieReducer
DA:8,1
DA:15,5
DA:17,1
DA:24,1
DA:30,1
DA:36,1
DA:42,1
LF:7
LH:7
BRDA:14,0,0,1
BRDA:15,1,0,1
BRDA:15,1,1,1
BRDA:15,1,2,1
BRDA:15,1,3,1
BRDA:15,1,4,1
BRF:6
BRH:6
end_of_record
TN:
SF:/Users/kukolca/Documents/reactjs/task5/ReactJS/client/src/reducers/searchReducer.js
FN:10,searchReducer
FNF:1
FNH:1
FNDA:4,searchReducer
DA:4,1
DA:12,4
DA:14,1
DA:17,1
DA:20,1
DA:23,1
LF:6
LH:6
BRDA:10,0,0,1
BRDA:12,1,0,1
BRDA:12,1,1,1
BRDA:12,1,2,1
BRDA:12,1,3,1
BRF:5
BRH:5
end_of_record
TN:
SF:/Users/kukolca/Documents/reactjs/task5/ReactJS/client/src/reducers/selectedMovieReducer.js
FN:7,selectedMovieReducer
FNF:1
FNH:1
FNDA:3,selectedMovieReducer
DA:3,1
DA:8,3
DA:11,1
DA:16,1
DA:22,1
LF:5
LH:5
BRDA:7,0,0,1
BRDA:8,1,0,1
BRDA:8,1,1,1
BRDA:8,1,2,1
BRF:4
BRH:4
end_of_record
TN:
SF:/Users/kukolca/Documents/reactjs/task5/ReactJS/client/src/utils/filterMethods.js
FN:2,(anonymous_0)
FN:7,(anonymous_1)
FN:9,(anonymous_2)
FN:15,(anonymous_3)
FN:21,(anonymous_4)
FNF:5
FNH:5
FNDA:2,(anonymous_0)
FNDA:2,(anonymous_1)
FNDA:4,(anonymous_2)
FNDA:3,(anonymous_3)
FNDA:3,(anonymous_4)
DA:2,1
DA:3,2
DA:4,2
DA:7,1
DA:8,2
DA:9,2
DA:10,4
DA:11,4
DA:15,1
DA:16,3
DA:17,3
DA:18,3
DA:21,1
DA:22,3
LF:14
LH:14
BRDA:3,0,0,2
BRDA:3,0,1,2
BRDA:3,0,2,2
BRDA:4,1,0,1
BRDA:4,1,1,1
BRDA:8,2,0,2
BRDA:8,2,1,2
BRDA:11,3,0,3
BRDA:11,3,1,1
BRDA:18,4,0,1
BRDA:18,4,1,2
BRDA:18,5,0,1
BRDA:18,5,1,1
BRDA:22,6,0,1
BRDA:22,6,1,2
BRDA:22,7,0,1
BRDA:22,7,1,1
BRF:17
BRH:17
end_of_record
